{"name":"addToAutoCreatedWishlist()","status":"failed","statusDetails":{"known":false,"muted":false,"flaky":false,"message":"Wishlist was created automatically and my product is in the list (2 failures)\r\n\tjava.lang.AssertionError: My product in wishlist expected [Faded Short Sleeve T-shirts] but found [Faded Short Sleeve T-shirts\nS, Orange]\r\n\tjava.lang.AssertionError: Quantity of product is 1 expected [1] but found [17]","trace":"org.opentest4j.MultipleFailuresError: Wishlist was created automatically and my product is in the list (2 failures)\r\n\tjava.lang.AssertionError: My product in wishlist expected [Faded Short Sleeve T-shirts] but found [Faded Short Sleeve T-shirts\nS, Orange]\r\n\tjava.lang.AssertionError: Quantity of product is 1 expected [1] but found [17]\r\n\tat org.junit.jupiter.api.AssertAll.assertAll(AssertAll.java:80)\r\n\tat org.junit.jupiter.api.AssertAll.assertAll(AssertAll.java:44)\r\n\tat org.junit.jupiter.api.Assertions.assertAll(Assertions.java:2911)\r\n\tat tests.WishlistTests.addToAutoCreatedWishlist(WishlistTests.java:50)\r\n\tat sun.reflect.NativeMethodAccessorImpl.invoke0(Native Method)\r\n\tat sun.reflect.NativeMethodAccessorImpl.invoke(NativeMethodAccessorImpl.java:62)\r\n\tat sun.reflect.DelegatingMethodAccessorImpl.invoke(DelegatingMethodAccessorImpl.java:43)\r\n\tat java.lang.reflect.Method.invoke(Method.java:498)\r\n\tat org.junit.platform.commons.util.ReflectionUtils.invokeMethod(ReflectionUtils.java:688)\r\n\tat org.junit.jupiter.engine.execution.MethodInvocation.proceed(MethodInvocation.java:60)\r\n\tat org.junit.jupiter.engine.execution.InvocationInterceptorChain$ValidatingInvocation.proceed(InvocationInterceptorChain.java:131)\r\n\tat org.junit.jupiter.engine.extension.TimeoutExtension.intercept(TimeoutExtension.java:149)\r\n\tat org.junit.jupiter.engine.extension.TimeoutExtension.interceptTestableMethod(TimeoutExtension.java:140)\r\n\tat org.junit.jupiter.engine.extension.TimeoutExtension.interceptTestMethod(TimeoutExtension.java:84)\r\n\tat org.junit.jupiter.engine.execution.ExecutableInvoker$ReflectiveInterceptorCall.lambda$ofVoidMethod$0(ExecutableInvoker.java:115)\r\n\tat org.junit.jupiter.engine.execution.ExecutableInvoker.lambda$invoke$0(ExecutableInvoker.java:105)\r\n\tat org.junit.jupiter.engine.execution.InvocationInterceptorChain$InterceptedInvocation.proceed(InvocationInterceptorChain.java:106)\r\n\tat org.junit.jupiter.engine.execution.InvocationInterceptorChain.proceed(InvocationInterceptorChain.java:64)\r\n\tat org.junit.jupiter.engine.execution.InvocationInterceptorChain.chainAndInvoke(InvocationInterceptorChain.java:45)\r\n\tat org.junit.jupiter.engine.execution.InvocationInterceptorChain.invoke(InvocationInterceptorChain.java:37)\r\n\tat org.junit.jupiter.engine.execution.ExecutableInvoker.invoke(ExecutableInvoker.java:104)\r\n\tat org.junit.jupiter.engine.execution.ExecutableInvoker.invoke(ExecutableInvoker.java:98)\r\n\tat org.junit.jupiter.engine.descriptor.TestMethodTestDescriptor.lambda$invokeTestMethod$6(TestMethodTestDescriptor.java:210)\r\n\tat org.junit.platform.engine.support.hierarchical.ThrowableCollector.execute(ThrowableCollector.java:73)\r\n\tat org.junit.jupiter.engine.descriptor.TestMethodTestDescriptor.invokeTestMethod(TestMethodTestDescriptor.java:206)\r\n\tat org.junit.jupiter.engine.descriptor.TestMethodTestDescriptor.execute(TestMethodTestDescriptor.java:131)\r\n\tat org.junit.jupiter.engine.descriptor.TestMethodTestDescriptor.execute(TestMethodTestDescriptor.java:65)\r\n\tat org.junit.platform.engine.support.hierarchical.NodeTestTask.lambda$executeRecursively$5(NodeTestTask.java:139)\r\n\tat org.junit.platform.engine.support.hierarchical.ThrowableCollector.execute(ThrowableCollector.java:73)\r\n\tat org.junit.platform.engine.support.hierarchical.NodeTestTask.lambda$executeRecursively$7(NodeTestTask.java:129)\r\n\tat org.junit.platform.engine.support.hierarchical.Node.around(Node.java:137)\r\n\tat org.junit.platform.engine.support.hierarchical.NodeTestTask.lambda$executeRecursively$8(NodeTestTask.java:127)\r\n\tat org.junit.platform.engine.support.hierarchical.ThrowableCollector.execute(ThrowableCollector.java:73)\r\n\tat org.junit.platform.engine.support.hierarchical.NodeTestTask.executeRecursively(NodeTestTask.java:126)\r\n\tat org.junit.platform.engine.support.hierarchical.NodeTestTask.execute(NodeTestTask.java:84)\r\n\tat org.junit.platform.engine.support.hierarchical.ForkJoinPoolHierarchicalTestExecutorService$ExclusiveTask.compute(ForkJoinPoolHierarchicalTestExecutorService.java:185)\r\n\tat org.junit.platform.engine.support.hierarchical.ForkJoinPoolHierarchicalTestExecutorService.invokeAll(ForkJoinPoolHierarchicalTestExecutorService.java:129)\r\n\tat org.junit.platform.engine.support.hierarchical.NodeTestTask.lambda$executeRecursively$5(NodeTestTask.java:143)\r\n\tat org.junit.platform.engine.support.hierarchical.ThrowableCollector.execute(ThrowableCollector.java:73)\r\n\tat org.junit.platform.engine.support.hierarchical.NodeTestTask.lambda$executeRecursively$7(NodeTestTask.java:129)\r\n\tat org.junit.platform.engine.support.hierarchical.Node.around(Node.java:137)\r\n\tat org.junit.platform.engine.support.hierarchical.NodeTestTask.lambda$executeRecursively$8(NodeTestTask.java:127)\r\n\tat org.junit.platform.engine.support.hierarchical.ThrowableCollector.execute(ThrowableCollector.java:73)\r\n\tat org.junit.platform.engine.support.hierarchical.NodeTestTask.executeRecursively(NodeTestTask.java:126)\r\n\tat org.junit.platform.engine.support.hierarchical.NodeTestTask.execute(NodeTestTask.java:84)\r\n\tat org.junit.platform.engine.support.hierarchical.ForkJoinPoolHierarchicalTestExecutorService$ExclusiveTask.compute(ForkJoinPoolHierarchicalTestExecutorService.java:185)\r\n\tat org.junit.platform.engine.support.hierarchical.ForkJoinPoolHierarchicalTestExecutorService.invokeAll(ForkJoinPoolHierarchicalTestExecutorService.java:129)\r\n\tat org.junit.platform.engine.support.hierarchical.NodeTestTask.lambda$executeRecursively$5(NodeTestTask.java:143)\r\n\tat org.junit.platform.engine.support.hierarchical.ThrowableCollector.execute(ThrowableCollector.java:73)\r\n\tat org.junit.platform.engine.support.hierarchical.NodeTestTask.lambda$executeRecursively$7(NodeTestTask.java:129)\r\n\tat org.junit.platform.engine.support.hierarchical.Node.around(Node.java:137)\r\n\tat org.junit.platform.engine.support.hierarchical.NodeTestTask.lambda$executeRecursively$8(NodeTestTask.java:127)\r\n\tat org.junit.platform.engine.support.hierarchical.ThrowableCollector.execute(ThrowableCollector.java:73)\r\n\tat org.junit.platform.engine.support.hierarchical.NodeTestTask.executeRecursively(NodeTestTask.java:126)\r\n\tat org.junit.platform.engine.support.hierarchical.NodeTestTask.execute(NodeTestTask.java:84)\r\n\tat org.junit.platform.engine.support.hierarchical.ForkJoinPoolHierarchicalTestExecutorService$ExclusiveTask.compute(ForkJoinPoolHierarchicalTestExecutorService.java:185)\r\n\tat java.util.concurrent.RecursiveAction.exec(RecursiveAction.java:189)\r\n\tat java.util.concurrent.ForkJoinTask.doExec(ForkJoinTask.java:289)\r\n\tat java.util.concurrent.ForkJoinPool$WorkQueue.runTask(ForkJoinPool.java:1056)\r\n\tat java.util.concurrent.ForkJoinPool.runWorker(ForkJoinPool.java:1692)\r\n\tat java.util.concurrent.ForkJoinWorkerThread.run(ForkJoinWorkerThread.java:172)\r\n\tSuppressed: java.lang.AssertionError: My product in wishlist expected [Faded Short Sleeve T-shirts] but found [Faded Short Sleeve T-shirts\nS, Orange]\r\n\t\tat org.testng.Assert.fail(Assert.java:96)\r\n\t\tat org.testng.Assert.failNotEquals(Assert.java:776)\r\n\t\tat org.testng.Assert.assertEqualsImpl(Assert.java:137)\r\n\t\tat org.testng.Assert.assertEquals(Assert.java:118)\r\n\t\tat org.testng.Assert.assertEquals(Assert.java:453)\r\n\t\tat tests.WishlistTests.lambda$addToAutoCreatedWishlist$1(WishlistTests.java:52)\r\n\t\tat org.junit.jupiter.api.AssertAll.lambda$assertAll$1(AssertAll.java:68)\r\n\t\tat java.util.stream.ReferencePipeline$3$1.accept(ReferencePipeline.java:193)\r\n\t\tat java.util.stream.ReferencePipeline$11$1.accept(ReferencePipeline.java:373)\r\n\t\tat java.util.Spliterators$ArraySpliterator.forEachRemaining(Spliterators.java:948)\r\n\t\tat java.util.stream.AbstractPipeline.copyInto(AbstractPipeline.java:482)\r\n\t\tat java.util.stream.AbstractPipeline.wrapAndCopyInto(AbstractPipeline.java:472)\r\n\t\tat java.util.stream.ReduceOps$ReduceOp.evaluateSequential(ReduceOps.java:708)\r\n\t\tat java.util.stream.AbstractPipeline.evaluate(AbstractPipeline.java:234)\r\n\t\tat java.util.stream.ReferencePipeline.collect(ReferencePipeline.java:499)\r\n\t\tat org.junit.jupiter.api.AssertAll.assertAll(AssertAll.java:77)\r\n\t\t... 60 more\r\n\tSuppressed: java.lang.AssertionError: Quantity of product is 1 expected [1] but found [17]\r\n\t\tat org.testng.Assert.fail(Assert.java:96)\r\n\t\tat org.testng.Assert.failNotEquals(Assert.java:776)\r\n\t\tat org.testng.Assert.assertEqualsImpl(Assert.java:137)\r\n\t\tat org.testng.Assert.assertEquals(Assert.java:118)\r\n\t\tat org.testng.Assert.assertEquals(Assert.java:652)\r\n\t\tat tests.WishlistTests.lambda$addToAutoCreatedWishlist$2(WishlistTests.java:53)\r\n\t\tat org.junit.jupiter.api.AssertAll.lambda$assertAll$1(AssertAll.java:68)\r\n\t\tat java.util.stream.ReferencePipeline$3$1.accept(ReferencePipeline.java:193)\r\n\t\tat java.util.stream.ReferencePipeline$11$1.accept(ReferencePipeline.java:373)\r\n\t\tat java.util.Spliterators$ArraySpliterator.forEachRemaining(Spliterators.java:948)\r\n\t\tat java.util.stream.AbstractPipeline.copyInto(AbstractPipeline.java:482)\r\n\t\tat java.util.stream.AbstractPipeline.wrapAndCopyInto(AbstractPipeline.java:472)\r\n\t\tat java.util.stream.ReduceOps$ReduceOp.evaluateSequential(ReduceOps.java:708)\r\n\t\tat java.util.stream.AbstractPipeline.evaluate(AbstractPipeline.java:234)\r\n\t\tat java.util.stream.ReferencePipeline.collect(ReferencePipeline.java:499)\r\n\t\tat org.junit.jupiter.api.AssertAll.assertAll(AssertAll.java:77)\r\n\t\t... 60 more\r\n"},"stage":"finished","description":"Verify that product can be add to auto-created Wishlist","steps":[{"name":"Click sign in button","status":"passed","stage":"finished","steps":[],"attachments":[],"parameters":[],"start":1632396982820,"stop":1632397007917},{"name":"Log in account","status":"passed","stage":"finished","steps":[],"attachments":[],"parameters":[],"start":1632397007918,"stop":1632397016638},{"name":"go to product list","status":"passed","stage":"finished","steps":[],"attachments":[],"parameters":[],"start":1632397016638,"stop":1632397023379},{"name":"Add product in wishlist","status":"passed","stage":"finished","steps":[{"name":"Retrieve product name","status":"passed","stage":"finished","steps":[],"attachments":[],"parameters":[],"start":1632397030257,"stop":1632397030286}],"attachments":[],"parameters":[{"name":"numberOfProductInList","value":"1"}],"start":1632397023381,"stop":1632397035890},{"name":"Go to account","status":"passed","stage":"finished","steps":[],"attachments":[],"parameters":[],"start":1632397039919,"stop":1632397045453},{"name":"Go into wishlist","status":"passed","stage":"finished","steps":[],"attachments":[],"parameters":[],"start":1632397064359,"stop":1632397072723},{"name":"Select wishlist","status":"passed","stage":"finished","steps":[],"attachments":[],"parameters":[],"start":1632397072723,"stop":1632397072786},{"name":"Retrieve name of product from wishlist","status":"passed","stage":"finished","steps":[],"attachments":[],"parameters":[],"start":1632397091928,"stop":1632397091959},{"name":"Retrieve product quantity","status":"passed","stage":"finished","steps":[],"attachments":[],"parameters":[],"start":1632397091959,"stop":1632397092012},{"name":"Verify that wishlist table is presented","status":"passed","stage":"finished","steps":[],"attachments":[],"parameters":[],"start":1632397092028,"stop":1632397092059}],"attachments":[{"name":"Page screenshot","source":"b7ee3652-d4e2-4772-b466-65ec918d280c-attachment","type":"image/png"}],"parameters":[{"name":"Browser","value":"chrome:94.0.4606.54:windows"}],"start":1632396980273,"stop":1632397092898,"uuid":"1b03cfae-f189-434d-b93c-734d87b1a798","historyId":"78fd64d255bb0ab4ac4f107bc92522de","fullName":"tests.WishlistTests.addToAutoCreatedWishlist","labels":[{"name":"tag","value":"unstable"},{"name":"tag","value":"Critical"},{"name":"epic","value":"Shop functionality"},{"name":"feature","value":"Add into Wishlist"},{"name":"story","value":"Add to wishlist"},{"name":"host","value":"LAPTOP-UAT25U1Q"},{"name":"thread","value":"24784@LAPTOP-UAT25U1Q.ForkJoinPool-1-worker-1(15)"},{"name":"framework","value":"junit-platform"},{"name":"language","value":"java"},{"name":"package","value":"tests.WishlistTests"},{"name":"testClass","value":"tests.WishlistTests"},{"name":"testMethod","value":"addToAutoCreatedWishlist"},{"name":"suite","value":"tests.WishlistTests"},{"name":"severity","value":"critical"}],"links":[]}