{"name":"[1] My account - My Store","status":"failed","statusDetails":{"known":false,"muted":false,"flaky":false,"message":"Page name and user name are correct (1 failure)\r\n\tjava.lang.AssertionError: Verify account expected [null] but found [Marina Zagorskaya]","trace":"org.opentest4j.MultipleFailuresError: Page name and user name are correct (1 failure)\r\n\tjava.lang.AssertionError: Verify account expected [null] but found [Marina Zagorskaya]\r\n\tat org.junit.jupiter.api.AssertAll.assertAll(AssertAll.java:80)\r\n\tat org.junit.jupiter.api.AssertAll.assertAll(AssertAll.java:44)\r\n\tat org.junit.jupiter.api.Assertions.assertAll(Assertions.java:2911)\r\n\tat tests.LoginTests.createAccount(LoginTests.java:33)\r\n\tat sun.reflect.NativeMethodAccessorImpl.invoke0(Native Method)\r\n\tat sun.reflect.NativeMethodAccessorImpl.invoke(NativeMethodAccessorImpl.java:62)\r\n\tat sun.reflect.DelegatingMethodAccessorImpl.invoke(DelegatingMethodAccessorImpl.java:43)\r\n\tat java.lang.reflect.Method.invoke(Method.java:498)\r\n\tat org.junit.platform.commons.util.ReflectionUtils.invokeMethod(ReflectionUtils.java:688)\r\n\tat org.junit.jupiter.engine.execution.MethodInvocation.proceed(MethodInvocation.java:60)\r\n\tat org.junit.jupiter.engine.execution.InvocationInterceptorChain$ValidatingInvocation.proceed(InvocationInterceptorChain.java:131)\r\n\tat org.junit.jupiter.engine.extension.TimeoutExtension.intercept(TimeoutExtension.java:149)\r\n\tat org.junit.jupiter.engine.extension.TimeoutExtension.interceptTestableMethod(TimeoutExtension.java:140)\r\n\tat org.junit.jupiter.engine.extension.TimeoutExtension.interceptTestTemplateMethod(TimeoutExtension.java:92)\r\n\tat org.junit.jupiter.engine.execution.ExecutableInvoker$ReflectiveInterceptorCall.lambda$ofVoidMethod$0(ExecutableInvoker.java:115)\r\n\tat org.junit.jupiter.engine.execution.ExecutableInvoker.lambda$invoke$0(ExecutableInvoker.java:105)\r\n\tat org.junit.jupiter.engine.execution.InvocationInterceptorChain$InterceptedInvocation.proceed(InvocationInterceptorChain.java:106)\r\n\tat org.junit.jupiter.engine.execution.InvocationInterceptorChain.proceed(InvocationInterceptorChain.java:64)\r\n\tat org.junit.jupiter.engine.execution.InvocationInterceptorChain.chainAndInvoke(InvocationInterceptorChain.java:45)\r\n\tat org.junit.jupiter.engine.execution.InvocationInterceptorChain.invoke(InvocationInterceptorChain.java:37)\r\n\tat org.junit.jupiter.engine.execution.ExecutableInvoker.invoke(ExecutableInvoker.java:104)\r\n\tat org.junit.jupiter.engine.execution.ExecutableInvoker.invoke(ExecutableInvoker.java:98)\r\n\tat org.junit.jupiter.engine.descriptor.TestMethodTestDescriptor.lambda$invokeTestMethod$6(TestMethodTestDescriptor.java:210)\r\n\tat org.junit.platform.engine.support.hierarchical.ThrowableCollector.execute(ThrowableCollector.java:73)\r\n\tat org.junit.jupiter.engine.descriptor.TestMethodTestDescriptor.invokeTestMethod(TestMethodTestDescriptor.java:206)\r\n\tat org.junit.jupiter.engine.descriptor.TestMethodTestDescriptor.execute(TestMethodTestDescriptor.java:131)\r\n\tat org.junit.jupiter.engine.descriptor.TestMethodTestDescriptor.execute(TestMethodTestDescriptor.java:65)\r\n\tat org.junit.platform.engine.support.hierarchical.NodeTestTask.lambda$executeRecursively$5(NodeTestTask.java:139)\r\n\tat org.junit.platform.engine.support.hierarchical.ThrowableCollector.execute(ThrowableCollector.java:73)\r\n\tat org.junit.platform.engine.support.hierarchical.NodeTestTask.lambda$executeRecursively$7(NodeTestTask.java:129)\r\n\tat org.junit.platform.engine.support.hierarchical.Node.around(Node.java:137)\r\n\tat org.junit.platform.engine.support.hierarchical.NodeTestTask.lambda$executeRecursively$8(NodeTestTask.java:127)\r\n\tat org.junit.platform.engine.support.hierarchical.ThrowableCollector.execute(ThrowableCollector.java:73)\r\n\tat org.junit.platform.engine.support.hierarchical.NodeTestTask.executeRecursively(NodeTestTask.java:126)\r\n\tat org.junit.platform.engine.support.hierarchical.NodeTestTask.execute(NodeTestTask.java:84)\r\n\tat org.junit.platform.engine.support.hierarchical.ForkJoinPoolHierarchicalTestExecutorService$ExclusiveTask.compute(ForkJoinPoolHierarchicalTestExecutorService.java:185)\r\n\tat java.util.concurrent.RecursiveAction.exec(RecursiveAction.java:189)\r\n\tat java.util.concurrent.ForkJoinTask.doExec(ForkJoinTask.java:289)\r\n\tat java.util.concurrent.ForkJoinPool$WorkQueue.runTask(ForkJoinPool.java:1056)\r\n\tat java.util.concurrent.ForkJoinPool.runWorker(ForkJoinPool.java:1692)\r\n\tat java.util.concurrent.ForkJoinWorkerThread.run(ForkJoinWorkerThread.java:172)\r\n\tSuppressed: java.lang.AssertionError: Verify account expected [null] but found [Marina Zagorskaya]\r\n\t\tat org.testng.Assert.fail(Assert.java:96)\r\n\t\tat org.testng.Assert.failNotEquals(Assert.java:776)\r\n\t\tat org.testng.Assert.assertEqualsImpl(Assert.java:132)\r\n\t\tat org.testng.Assert.assertEquals(Assert.java:118)\r\n\t\tat org.testng.Assert.assertEquals(Assert.java:453)\r\n\t\tat tests.LoginTests.lambda$createAccount$1(LoginTests.java:35)\r\n\t\tat org.junit.jupiter.api.AssertAll.lambda$assertAll$1(AssertAll.java:68)\r\n\t\tat java.util.stream.ReferencePipeline$3$1.accept(ReferencePipeline.java:193)\r\n\t\tat java.util.stream.ReferencePipeline$11$1.accept(ReferencePipeline.java:373)\r\n\t\tat java.util.Spliterators$ArraySpliterator.forEachRemaining(Spliterators.java:948)\r\n\t\tat java.util.stream.AbstractPipeline.copyInto(AbstractPipeline.java:482)\r\n\t\tat java.util.stream.AbstractPipeline.wrapAndCopyInto(AbstractPipeline.java:472)\r\n\t\tat java.util.stream.ReduceOps$ReduceOp.evaluateSequential(ReduceOps.java:708)\r\n\t\tat java.util.stream.AbstractPipeline.evaluate(AbstractPipeline.java:234)\r\n\t\tat java.util.stream.ReferencePipeline.collect(ReferencePipeline.java:499)\r\n\t\tat org.junit.jupiter.api.AssertAll.assertAll(AssertAll.java:77)\r\n\t\t... 40 more\r\n"},"stage":"finished","description":"User log in account","steps":[{"name":"Click sign in button","status":"passed","stage":"finished","steps":[],"attachments":[],"parameters":[],"start":1632223391574,"stop":1632223417612},{"name":"Log in account","status":"passed","stage":"finished","steps":[],"attachments":[],"parameters":[],"start":1632223417613,"stop":1632223428987},{"name":"Retrieve title name","status":"passed","stage":"finished","steps":[],"attachments":[],"parameters":[],"start":1632223428999,"stop":1632223429010},{"name":"Retrieve user name from header","status":"passed","stage":"finished","steps":[],"attachments":[],"parameters":[],"start":1632223429015,"stop":1632223429067}],"attachments":[{"name":"Page screenshot","source":"26952b5e-cca9-4283-be79-3772fc5c674c-attachment","type":"image/png"}],"parameters":[{"name":"Browser","value":"chrome:93.0.4577.82:windows"}],"start":1632223382410,"stop":1632223430041,"uuid":"235a994d-b9f8-4940-b1b5-cc2c9dfbb1ab","historyId":"a398439d442e5e1f2048925fd0a3c035","fullName":"tests.LoginTests.createAccount","labels":[{"name":"tag","value":"stable"},{"name":"tag","value":"Critical"},{"name":"feature","value":"Create account"},{"name":"epic","value":"Shop functionality"},{"name":"story","value":"Log in account tests"},{"name":"host","value":"LAPTOP-UAT25U1Q"},{"name":"thread","value":"8112@LAPTOP-UAT25U1Q.ForkJoinPool-1-worker-2(16)"},{"name":"framework","value":"junit-platform"},{"name":"language","value":"java"},{"name":"package","value":"tests.LoginTests"},{"name":"testClass","value":"tests.LoginTests"},{"name":"testMethod","value":"createAccount"},{"name":"suite","value":"tests.LoginTests"},{"name":"severity","value":"critical"}],"links":[]}